[2017-12-05 21:33:55] local.ERROR: RuntimeException: No supported encrypter found. The cipher and / or key length are invalid. in /home/traxist/dev/blog/vendor/laravel/framework/src/Illuminate/Encryption/EncryptionServiceProvider.php:45
Stack trace:
#0 /home/traxist/dev/blog/vendor/laravel/framework/src/Illuminate/Encryption/EncryptionServiceProvider.php(25): Illuminate\Encryption\EncryptionServiceProvider->getEncrypterForKeyAndCipher('SomeRandomStrin...', 'AES-256-CBC')
#1 /home/traxist/dev/blog/vendor/laravel/framework/src/Illuminate/Container/Container.php(731): Illuminate\Encryption\EncryptionServiceProvider->Illuminate\Encryption\{closure}(Object(Illuminate\Foundation\Application), Array)
#2 /home/traxist/dev/blog/vendor/laravel/framework/src/Illuminate/Container/Container.php(629): Illuminate\Container\Container->build(Object(Closure), Array)
#3 /home/traxist/dev/blog/vendor/laravel/framework/src/Illuminate/Foundation/Application.php(697): Illuminate\Container\Container->make('encrypter', Array)
#4 /home/traxist/dev/blog/vendor/laravel/framework/src/Illuminate/Container/Container.php(849): Illuminate\Foundation\Application->make('encrypter')
#5 /home/traxist/dev/blog/vendor/laravel/framework/src/Illuminate/Container/Container.php(804): Illuminate\Container\Container->resolveClass(Object(ReflectionParameter))
#6 /home/traxist/dev/blog/vendor/laravel/framework/src/Illuminate/Container/Container.php(774): Illuminate\Container\Container->getDependencies(Array, Array)
#7 /home/traxist/dev/blog/vendor/laravel/framework/src/Illuminate/Container/Container.php(629): Illuminate\Container\Container->build('App\\Http\\Middle...', Array)
#8 /home/traxist/dev/blog/vendor/laravel/framework/src/Illuminate/Foundation/Application.php(697): Illuminate\Container\Container->make('App\\Http\\Middle...', Array)
#9 /home/traxist/dev/blog/vendor/laravel/framework/src/Illuminate/Pipeline/Pipeline.php(126): Illuminate\Foundation\Application->make('App\\Http\\Middle...')
#10 [internal function]: Illuminate\Pipeline\Pipeline->Illuminate\Pipeline\{closure}(Object(Illuminate\Http\Request))
#11 /home/traxist/dev/blog/vendor/laravel/framework/src/Illuminate/Routing/Pipeline.php(32): call_user_func(Object(Closure), Object(Illuminate\Http\Request))
#12 [internal function]: Illuminate\Routing\Pipeline->Illuminate\Routing\{closure}(Object(Illuminate\Http\Request))
#13 /home/traxist/dev/blog/vendor/laravel/framework/src/Illuminate/Pipeline/Pipeline.php(102): call_user_func(Object(Closure), Object(Illuminate\Http\Request))
#14 /home/traxist/dev/blog/vendor/laravel/framework/src/Illuminate/Routing/Router.php(726): Illuminate\Pipeline\Pipeline->then(Object(Closure))
#15 /home/traxist/dev/blog/vendor/laravel/framework/src/Illuminate/Routing/Router.php(699): Illuminate\Routing\Router->runRouteWithinStack(Object(Illuminate\Routing\Route), Object(Illuminate\Http\Request))
#16 /home/traxist/dev/blog/vendor/laravel/framework/src/Illuminate/Routing/Router.php(675): Illuminate\Routing\Router->dispatchToRoute(Object(Illuminate\Http\Request))
#17 /home/traxist/dev/blog/vendor/laravel/framework/src/Illuminate/Foundation/Http/Kernel.php(246): Illuminate\Routing\Router->dispatch(Object(Illuminate\Http\Request))
#18 [internal function]: Illuminate\Foundation\Http\Kernel->Illuminate\Foundation\Http\{closure}(Object(Illuminate\Http\Request))
#19 /home/traxist/dev/blog/vendor/laravel/framework/src/Illuminate/Routing/Pipeline.php(52): call_user_func(Object(Closure), Object(Illuminate\Http\Request))
#20 /home/traxist/dev/blog/vendor/laravel/framework/src/Illuminate/Foundation/Http/Middleware/CheckForMaintenanceMode.php(44): Illuminate\Routing\Pipeline->Illuminate\Routing\{closure}(Object(Illuminate\Http\Request))
#21 [internal function]: Illuminate\Foundation\Http\Middleware\CheckForMaintenanceMode->handle(Object(Illuminate\Http\Request), Object(Closure))
#22 /home/traxist/dev/blog/vendor/laravel/framework/src/Illuminate/Pipeline/Pipeline.php(136): call_user_func_array(Array, Array)
#23 [internal function]: Illuminate\Pipeline\Pipeline->Illuminate\Pipeline\{closure}(Object(Illuminate\Http\Request))
#24 /home/traxist/dev/blog/vendor/laravel/framework/src/Illuminate/Routing/Pipeline.php(32): call_user_func(Object(Closure), Object(Illuminate\Http\Request))
#25 [internal function]: Illuminate\Routing\Pipeline->Illuminate\Routing\{closure}(Object(Illuminate\Http\Request))
#26 /home/traxist/dev/blog/vendor/laravel/framework/src/Illuminate/Pipeline/Pipeline.php(102): call_user_func(Object(Closure), Object(Illuminate\Http\Request))
#27 /home/traxist/dev/blog/vendor/laravel/framework/src/Illuminate/Foundation/Http/Kernel.php(132): Illuminate\Pipeline\Pipeline->then(Object(Closure))
#28 /home/traxist/dev/blog/vendor/laravel/framework/src/Illuminate/Foundation/Http/Kernel.php(99): Illuminate\Foundation\Http\Kernel->sendRequestThroughRouter(Object(Illuminate\Http\Request))
#29 /home/traxist/dev/blog/public/index.php(53): Illuminate\Foundation\Http\Kernel->handle(Object(Illuminate\Http\Request))
#30 {main}  
[2017-12-05 21:33:55] local.ERROR: RuntimeException: No supported encrypter found. The cipher and / or key length are invalid. in /home/traxist/dev/blog/vendor/laravel/framework/src/Illuminate/Encryption/EncryptionServiceProvider.php:45
Stack trace:
#0 /home/traxist/dev/blog/vendor/laravel/framework/src/Illuminate/Encryption/EncryptionServiceProvider.php(25): Illuminate\Encryption\EncryptionServiceProvider->getEncrypterForKeyAndCipher('SomeRandomStrin...', 'AES-256-CBC')
#1 /home/traxist/dev/blog/vendor/laravel/framework/src/Illuminate/Container/Container.php(731): Illuminate\Encryption\EncryptionServiceProvider->Illuminate\Encryption\{closure}(Object(Illuminate\Foundation\Application), Array)
#2 /home/traxist/dev/blog/vendor/laravel/framework/src/Illuminate/Container/Container.php(629): Illuminate\Container\Container->build(Object(Closure), Array)
#3 /home/traxist/dev/blog/vendor/laravel/framework/src/Illuminate/Foundation/Application.php(697): Illuminate\Container\Container->make('encrypter', Array)
#4 /home/traxist/dev/blog/vendor/laravel/framework/src/Illuminate/Container/Container.php(849): Illuminate\Foundation\Application->make('encrypter')
#5 /home/traxist/dev/blog/vendor/laravel/framework/src/Illuminate/Container/Container.php(804): Illuminate\Container\Container->resolveClass(Object(ReflectionParameter))
#6 /home/traxist/dev/blog/vendor/laravel/framework/src/Illuminate/Container/Container.php(774): Illuminate\Container\Container->getDependencies(Array, Array)
#7 /home/traxist/dev/blog/vendor/laravel/framework/src/Illuminate/Container/Container.php(629): Illuminate\Container\Container->build('App\\Http\\Middle...', Array)
#8 /home/traxist/dev/blog/vendor/laravel/framework/src/Illuminate/Foundation/Application.php(697): Illuminate\Container\Container->make('App\\Http\\Middle...', Array)
#9 /home/traxist/dev/blog/vendor/laravel/framework/src/Illuminate/Foundation/Http/Kernel.php(152): Illuminate\Foundation\Application->make('App\\Http\\Middle...')
#10 /home/traxist/dev/blog/public/index.php(58): Illuminate\Foundation\Http\Kernel->terminate(Object(Illuminate\Http\Request), Object(Illuminate\Http\Response))
#11 {main}  
[2017-12-05 21:34:21] local.ERROR: RuntimeException: No supported encrypter found. The cipher and / or key length are invalid. in /home/traxist/dev/blog/vendor/laravel/framework/src/Illuminate/Encryption/EncryptionServiceProvider.php:45
Stack trace:
#0 /home/traxist/dev/blog/vendor/laravel/framework/src/Illuminate/Encryption/EncryptionServiceProvider.php(25): Illuminate\Encryption\EncryptionServiceProvider->getEncrypterForKeyAndCipher('SomeRandomStrin...', 'AES-256-CBC')
#1 /home/traxist/dev/blog/vendor/laravel/framework/src/Illuminate/Container/Container.php(731): Illuminate\Encryption\EncryptionServiceProvider->Illuminate\Encryption\{closure}(Object(Illuminate\Foundation\Application), Array)
#2 /home/traxist/dev/blog/vendor/laravel/framework/src/Illuminate/Container/Container.php(629): Illuminate\Container\Container->build(Object(Closure), Array)
#3 /home/traxist/dev/blog/vendor/laravel/framework/src/Illuminate/Foundation/Application.php(697): Illuminate\Container\Container->make('encrypter', Array)
#4 /home/traxist/dev/blog/vendor/laravel/framework/src/Illuminate/Container/Container.php(849): Illuminate\Foundation\Application->make('encrypter')
#5 /home/traxist/dev/blog/vendor/laravel/framework/src/Illuminate/Container/Container.php(804): Illuminate\Container\Container->resolveClass(Object(ReflectionParameter))
#6 /home/traxist/dev/blog/vendor/laravel/framework/src/Illuminate/Container/Container.php(774): Illuminate\Container\Container->getDependencies(Array, Array)
#7 /home/traxist/dev/blog/vendor/laravel/framework/src/Illuminate/Container/Container.php(629): Illuminate\Container\Container->build('App\\Http\\Middle...', Array)
#8 /home/traxist/dev/blog/vendor/laravel/framework/src/Illuminate/Foundation/Application.php(697): Illuminate\Container\Container->make('App\\Http\\Middle...', Array)
#9 /home/traxist/dev/blog/vendor/laravel/framework/src/Illuminate/Pipeline/Pipeline.php(126): Illuminate\Foundation\Application->make('App\\Http\\Middle...')
#10 [internal function]: Illuminate\Pipeline\Pipeline->Illuminate\Pipeline\{closure}(Object(Illuminate\Http\Request))
#11 /home/traxist/dev/blog/vendor/laravel/framework/src/Illuminate/Routing/Pipeline.php(32): call_user_func(Object(Closure), Object(Illuminate\Http\Request))
#12 [internal function]: Illuminate\Routing\Pipeline->Illuminate\Routing\{closure}(Object(Illuminate\Http\Request))
#13 /home/traxist/dev/blog/vendor/laravel/framework/src/Illuminate/Pipeline/Pipeline.php(102): call_user_func(Object(Closure), Object(Illuminate\Http\Request))
#14 /home/traxist/dev/blog/vendor/laravel/framework/src/Illuminate/Routing/Router.php(726): Illuminate\Pipeline\Pipeline->then(Object(Closure))
#15 /home/traxist/dev/blog/vendor/laravel/framework/src/Illuminate/Routing/Router.php(699): Illuminate\Routing\Router->runRouteWithinStack(Object(Illuminate\Routing\Route), Object(Illuminate\Http\Request))
#16 /home/traxist/dev/blog/vendor/laravel/framework/src/Illuminate/Routing/Router.php(675): Illuminate\Routing\Router->dispatchToRoute(Object(Illuminate\Http\Request))
#17 /home/traxist/dev/blog/vendor/laravel/framework/src/Illuminate/Foundation/Http/Kernel.php(246): Illuminate\Routing\Router->dispatch(Object(Illuminate\Http\Request))
#18 [internal function]: Illuminate\Foundation\Http\Kernel->Illuminate\Foundation\Http\{closure}(Object(Illuminate\Http\Request))
#19 /home/traxist/dev/blog/vendor/laravel/framework/src/Illuminate/Routing/Pipeline.php(52): call_user_func(Object(Closure), Object(Illuminate\Http\Request))
#20 /home/traxist/dev/blog/vendor/laravel/framework/src/Illuminate/Foundation/Http/Middleware/CheckForMaintenanceMode.php(44): Illuminate\Routing\Pipeline->Illuminate\Routing\{closure}(Object(Illuminate\Http\Request))
#21 [internal function]: Illuminate\Foundation\Http\Middleware\CheckForMaintenanceMode->handle(Object(Illuminate\Http\Request), Object(Closure))
#22 /home/traxist/dev/blog/vendor/laravel/framework/src/Illuminate/Pipeline/Pipeline.php(136): call_user_func_array(Array, Array)
#23 [internal function]: Illuminate\Pipeline\Pipeline->Illuminate\Pipeline\{closure}(Object(Illuminate\Http\Request))
#24 /home/traxist/dev/blog/vendor/laravel/framework/src/Illuminate/Routing/Pipeline.php(32): call_user_func(Object(Closure), Object(Illuminate\Http\Request))
#25 [internal function]: Illuminate\Routing\Pipeline->Illuminate\Routing\{closure}(Object(Illuminate\Http\Request))
#26 /home/traxist/dev/blog/vendor/laravel/framework/src/Illuminate/Pipeline/Pipeline.php(102): call_user_func(Object(Closure), Object(Illuminate\Http\Request))
#27 /home/traxist/dev/blog/vendor/laravel/framework/src/Illuminate/Foundation/Http/Kernel.php(132): Illuminate\Pipeline\Pipeline->then(Object(Closure))
#28 /home/traxist/dev/blog/vendor/laravel/framework/src/Illuminate/Foundation/Http/Kernel.php(99): Illuminate\Foundation\Http\Kernel->sendRequestThroughRouter(Object(Illuminate\Http\Request))
#29 /home/traxist/dev/blog/public/index.php(53): Illuminate\Foundation\Http\Kernel->handle(Object(Illuminate\Http\Request))
#30 {main}  
[2017-12-05 21:34:21] local.ERROR: RuntimeException: No supported encrypter found. The cipher and / or key length are invalid. in /home/traxist/dev/blog/vendor/laravel/framework/src/Illuminate/Encryption/EncryptionServiceProvider.php:45
Stack trace:
#0 /home/traxist/dev/blog/vendor/laravel/framework/src/Illuminate/Encryption/EncryptionServiceProvider.php(25): Illuminate\Encryption\EncryptionServiceProvider->getEncrypterForKeyAndCipher('SomeRandomStrin...', 'AES-256-CBC')
#1 /home/traxist/dev/blog/vendor/laravel/framework/src/Illuminate/Container/Container.php(731): Illuminate\Encryption\EncryptionServiceProvider->Illuminate\Encryption\{closure}(Object(Illuminate\Foundation\Application), Array)
#2 /home/traxist/dev/blog/vendor/laravel/framework/src/Illuminate/Container/Container.php(629): Illuminate\Container\Container->build(Object(Closure), Array)
#3 /home/traxist/dev/blog/vendor/laravel/framework/src/Illuminate/Foundation/Application.php(697): Illuminate\Container\Container->make('encrypter', Array)
#4 /home/traxist/dev/blog/vendor/laravel/framework/src/Illuminate/Container/Container.php(849): Illuminate\Foundation\Application->make('encrypter')
#5 /home/traxist/dev/blog/vendor/laravel/framework/src/Illuminate/Container/Container.php(804): Illuminate\Container\Container->resolveClass(Object(ReflectionParameter))
#6 /home/traxist/dev/blog/vendor/laravel/framework/src/Illuminate/Container/Container.php(774): Illuminate\Container\Container->getDependencies(Array, Array)
#7 /home/traxist/dev/blog/vendor/laravel/framework/src/Illuminate/Container/Container.php(629): Illuminate\Container\Container->build('App\\Http\\Middle...', Array)
#8 /home/traxist/dev/blog/vendor/laravel/framework/src/Illuminate/Foundation/Application.php(697): Illuminate\Container\Container->make('App\\Http\\Middle...', Array)
#9 /home/traxist/dev/blog/vendor/laravel/framework/src/Illuminate/Foundation/Http/Kernel.php(152): Illuminate\Foundation\Application->make('App\\Http\\Middle...')
#10 /home/traxist/dev/blog/public/index.php(58): Illuminate\Foundation\Http\Kernel->terminate(Object(Illuminate\Http\Request), Object(Illuminate\Http\Response))
#11 {main}  
[2017-12-05 21:36:15] local.ERROR: RuntimeException: No supported encrypter found. The cipher and / or key length are invalid. in /home/traxist/dev/blog/vendor/laravel/framework/src/Illuminate/Encryption/EncryptionServiceProvider.php:45
Stack trace:
#0 /home/traxist/dev/blog/vendor/laravel/framework/src/Illuminate/Encryption/EncryptionServiceProvider.php(25): Illuminate\Encryption\EncryptionServiceProvider->getEncrypterForKeyAndCipher('SomeRandomStrin...', 'AES-256-CBC')
#1 /home/traxist/dev/blog/vendor/laravel/framework/src/Illuminate/Container/Container.php(731): Illuminate\Encryption\EncryptionServiceProvider->Illuminate\Encryption\{closure}(Object(Illuminate\Foundation\Application), Array)
#2 /home/traxist/dev/blog/vendor/laravel/framework/src/Illuminate/Container/Container.php(629): Illuminate\Container\Container->build(Object(Closure), Array)
#3 /home/traxist/dev/blog/vendor/laravel/framework/src/Illuminate/Foundation/Application.php(697): Illuminate\Container\Container->make('encrypter', Array)
#4 /home/traxist/dev/blog/vendor/laravel/framework/src/Illuminate/Container/Container.php(849): Illuminate\Foundation\Application->make('encrypter')
#5 /home/traxist/dev/blog/vendor/laravel/framework/src/Illuminate/Container/Container.php(804): Illuminate\Container\Container->resolveClass(Object(ReflectionParameter))
#6 /home/traxist/dev/blog/vendor/laravel/framework/src/Illuminate/Container/Container.php(774): Illuminate\Container\Container->getDependencies(Array, Array)
#7 /home/traxist/dev/blog/vendor/laravel/framework/src/Illuminate/Container/Container.php(629): Illuminate\Container\Container->build('App\\Http\\Middle...', Array)
#8 /home/traxist/dev/blog/vendor/laravel/framework/src/Illuminate/Foundation/Application.php(697): Illuminate\Container\Container->make('App\\Http\\Middle...', Array)
#9 /home/traxist/dev/blog/vendor/laravel/framework/src/Illuminate/Pipeline/Pipeline.php(126): Illuminate\Foundation\Application->make('App\\Http\\Middle...')
#10 [internal function]: Illuminate\Pipeline\Pipeline->Illuminate\Pipeline\{closure}(Object(Illuminate\Http\Request))
#11 /home/traxist/dev/blog/vendor/laravel/framework/src/Illuminate/Routing/Pipeline.php(32): call_user_func(Object(Closure), Object(Illuminate\Http\Request))
#12 [internal function]: Illuminate\Routing\Pipeline->Illuminate\Routing\{closure}(Object(Illuminate\Http\Request))
#13 /home/traxist/dev/blog/vendor/laravel/framework/src/Illuminate/Pipeline/Pipeline.php(102): call_user_func(Object(Closure), Object(Illuminate\Http\Request))
#14 /home/traxist/dev/blog/vendor/laravel/framework/src/Illuminate/Routing/Router.php(726): Illuminate\Pipeline\Pipeline->then(Object(Closure))
#15 /home/traxist/dev/blog/vendor/laravel/framework/src/Illuminate/Routing/Router.php(699): Illuminate\Routing\Router->runRouteWithinStack(Object(Illuminate\Routing\Route), Object(Illuminate\Http\Request))
#16 /home/traxist/dev/blog/vendor/laravel/framework/src/Illuminate/Routing/Router.php(675): Illuminate\Routing\Router->dispatchToRoute(Object(Illuminate\Http\Request))
#17 /home/traxist/dev/blog/vendor/laravel/framework/src/Illuminate/Foundation/Http/Kernel.php(246): Illuminate\Routing\Router->dispatch(Object(Illuminate\Http\Request))
#18 [internal function]: Illuminate\Foundation\Http\Kernel->Illuminate\Foundation\Http\{closure}(Object(Illuminate\Http\Request))
#19 /home/traxist/dev/blog/vendor/laravel/framework/src/Illuminate/Routing/Pipeline.php(52): call_user_func(Object(Closure), Object(Illuminate\Http\Request))
#20 /home/traxist/dev/blog/vendor/laravel/framework/src/Illuminate/Foundation/Http/Middleware/CheckForMaintenanceMode.php(44): Illuminate\Routing\Pipeline->Illuminate\Routing\{closure}(Object(Illuminate\Http\Request))
#21 [internal function]: Illuminate\Foundation\Http\Middleware\CheckForMaintenanceMode->handle(Object(Illuminate\Http\Request), Object(Closure))
#22 /home/traxist/dev/blog/vendor/laravel/framework/src/Illuminate/Pipeline/Pipeline.php(136): call_user_func_array(Array, Array)
#23 [internal function]: Illuminate\Pipeline\Pipeline->Illuminate\Pipeline\{closure}(Object(Illuminate\Http\Request))
#24 /home/traxist/dev/blog/vendor/laravel/framework/src/Illuminate/Routing/Pipeline.php(32): call_user_func(Object(Closure), Object(Illuminate\Http\Request))
#25 [internal function]: Illuminate\Routing\Pipeline->Illuminate\Routing\{closure}(Object(Illuminate\Http\Request))
#26 /home/traxist/dev/blog/vendor/laravel/framework/src/Illuminate/Pipeline/Pipeline.php(102): call_user_func(Object(Closure), Object(Illuminate\Http\Request))
#27 /home/traxist/dev/blog/vendor/laravel/framework/src/Illuminate/Foundation/Http/Kernel.php(132): Illuminate\Pipeline\Pipeline->then(Object(Closure))
#28 /home/traxist/dev/blog/vendor/laravel/framework/src/Illuminate/Foundation/Http/Kernel.php(99): Illuminate\Foundation\Http\Kernel->sendRequestThroughRouter(Object(Illuminate\Http\Request))
#29 /home/traxist/dev/blog/public/index.php(53): Illuminate\Foundation\Http\Kernel->handle(Object(Illuminate\Http\Request))
#30 {main}  
[2017-12-05 21:36:15] local.ERROR: RuntimeException: No supported encrypter found. The cipher and / or key length are invalid. in /home/traxist/dev/blog/vendor/laravel/framework/src/Illuminate/Encryption/EncryptionServiceProvider.php:45
Stack trace:
#0 /home/traxist/dev/blog/vendor/laravel/framework/src/Illuminate/Encryption/EncryptionServiceProvider.php(25): Illuminate\Encryption\EncryptionServiceProvider->getEncrypterForKeyAndCipher('SomeRandomStrin...', 'AES-256-CBC')
#1 /home/traxist/dev/blog/vendor/laravel/framework/src/Illuminate/Container/Container.php(731): Illuminate\Encryption\EncryptionServiceProvider->Illuminate\Encryption\{closure}(Object(Illuminate\Foundation\Application), Array)
#2 /home/traxist/dev/blog/vendor/laravel/framework/src/Illuminate/Container/Container.php(629): Illuminate\Container\Container->build(Object(Closure), Array)
#3 /home/traxist/dev/blog/vendor/laravel/framework/src/Illuminate/Foundation/Application.php(697): Illuminate\Container\Container->make('encrypter', Array)
#4 /home/traxist/dev/blog/vendor/laravel/framework/src/Illuminate/Container/Container.php(849): Illuminate\Foundation\Application->make('encrypter')
#5 /home/traxist/dev/blog/vendor/laravel/framework/src/Illuminate/Container/Container.php(804): Illuminate\Container\Container->resolveClass(Object(ReflectionParameter))
#6 /home/traxist/dev/blog/vendor/laravel/framework/src/Illuminate/Container/Container.php(774): Illuminate\Container\Container->getDependencies(Array, Array)
#7 /home/traxist/dev/blog/vendor/laravel/framework/src/Illuminate/Container/Container.php(629): Illuminate\Container\Container->build('App\\Http\\Middle...', Array)
#8 /home/traxist/dev/blog/vendor/laravel/framework/src/Illuminate/Foundation/Application.php(697): Illuminate\Container\Container->make('App\\Http\\Middle...', Array)
#9 /home/traxist/dev/blog/vendor/laravel/framework/src/Illuminate/Foundation/Http/Kernel.php(152): Illuminate\Foundation\Application->make('App\\Http\\Middle...')
#10 /home/traxist/dev/blog/public/index.php(58): Illuminate\Foundation\Http\Kernel->terminate(Object(Illuminate\Http\Request), Object(Illuminate\Http\Response))
#11 {main}  
[2017-12-07 14:03:34] production.ERROR: RuntimeException: No supported encrypter found. The cipher and / or key length are invalid. in /home/felix/development/BasicProject/bootstrap/cache/compiled.php:7771
Stack trace:
#0 /home/felix/development/BasicProject/bootstrap/cache/compiled.php(7761): Illuminate\Encryption\EncryptionServiceProvider->getEncrypterForKeyAndCipher(NULL, 'AES-256-CBC')
#1 /home/felix/development/BasicProject/bootstrap/cache/compiled.php(1353): Illuminate\Encryption\EncryptionServiceProvider->Illuminate\Encryption\{closure}(Object(Illuminate\Foundation\Application), Array)
#2 /home/felix/development/BasicProject/bootstrap/cache/compiled.php(1309): Illuminate\Container\Container->build(Object(Closure), Array)
#3 /home/felix/development/BasicProject/bootstrap/cache/compiled.php(1874): Illuminate\Container\Container->make('encrypter', Array)
#4 /home/felix/development/BasicProject/bootstrap/cache/compiled.php(1410): Illuminate\Foundation\Application->make('encrypter')
#5 /home/felix/development/BasicProject/bootstrap/cache/compiled.php(1387): Illuminate\Container\Container->resolveClass(Object(ReflectionParameter))
#6 /home/felix/development/BasicProject/bootstrap/cache/compiled.php(1373): Illuminate\Container\Container->getDependencies(Array, Array)
#7 /home/felix/development/BasicProject/bootstrap/cache/compiled.php(1309): Illuminate\Container\Container->build('App\\Http\\Middle...', Array)
#8 /home/felix/development/BasicProject/bootstrap/cache/compiled.php(1874): Illuminate\Container\Container->make('App\\Http\\Middle...', Array)
#9 /home/felix/development/BasicProject/bootstrap/cache/compiled.php(9958): Illuminate\Foundation\Application->make('App\\Http\\Middle...')
#10 [internal function]: Illuminate\Pipeline\Pipeline->Illuminate\Pipeline\{closure}(Object(Illuminate\Http\Request))
#11 /home/felix/development/BasicProject/vendor/laravel/framework/src/Illuminate/Routing/Pipeline.php(32): call_user_func(Object(Closure), Object(Illuminate\Http\Request))
#12 [internal function]: Illuminate\Routing\Pipeline->Illuminate\Routing\{closure}(Object(Illuminate\Http\Request))
#13 /home/felix/development/BasicProject/bootstrap/cache/compiled.php(9948): call_user_func(Object(Closure), Object(Illuminate\Http\Request))
#14 /home/felix/development/BasicProject/bootstrap/cache/compiled.php(8226): Illuminate\Pipeline\Pipeline->then(Object(Closure))
#15 /home/felix/development/BasicProject/bootstrap/cache/compiled.php(8217): Illuminate\Routing\Router->runRouteWithinStack(Object(Illuminate\Routing\Route), Object(Illuminate\Http\Request))
#16 /home/felix/development/BasicProject/bootstrap/cache/compiled.php(8207): Illuminate\Routing\Router->dispatchToRoute(Object(Illuminate\Http\Request))
#17 /home/felix/development/BasicProject/bootstrap/cache/compiled.php(2419): Illuminate\Routing\Router->dispatch(Object(Illuminate\Http\Request))
#18 [internal function]: Illuminate\Foundation\Http\Kernel->Illuminate\Foundation\Http\{closure}(Object(Illuminate\Http\Request))
#19 /home/felix/development/BasicProject/vendor/laravel/framework/src/Illuminate/Routing/Pipeline.php(52): call_user_func(Object(Closure), Object(Illuminate\Http\Request))
#20 /home/felix/development/BasicProject/bootstrap/cache/compiled.php(3286): Illuminate\Routing\Pipeline->Illuminate\Routing\{closure}(Object(Illuminate\Http\Request))
#21 [internal function]: Illuminate\Foundation\Http\Middleware\CheckForMaintenanceMode->handle(Object(Illuminate\Http\Request), Object(Closure))
#22 /home/felix/development/BasicProject/bootstrap/cache/compiled.php(9963): call_user_func_array(Array, Array)
#23 [internal function]: Illuminate\Pipeline\Pipeline->Illuminate\Pipeline\{closure}(Object(Illuminate\Http\Request))
#24 /home/felix/development/BasicProject/vendor/laravel/framework/src/Illuminate/Routing/Pipeline.php(32): call_user_func(Object(Closure), Object(Illuminate\Http\Request))
#25 [internal function]: Illuminate\Routing\Pipeline->Illuminate\Routing\{closure}(Object(Illuminate\Http\Request))
#26 /home/felix/development/BasicProject/bootstrap/cache/compiled.php(9948): call_user_func(Object(Closure), Object(Illuminate\Http\Request))
#27 /home/felix/development/BasicProject/bootstrap/cache/compiled.php(2366): Illuminate\Pipeline\Pipeline->then(Object(Closure))
#28 /home/felix/development/BasicProject/bootstrap/cache/compiled.php(2350): Illuminate\Foundation\Http\Kernel->sendRequestThroughRouter(Object(Illuminate\Http\Request))
#29 /home/felix/development/BasicProject/public/index.php(53): Illuminate\Foundation\Http\Kernel->handle(Object(Illuminate\Http\Request))
#30 /home/felix/development/BasicProject/server.php(21): require_once('/home/felix/dev...')
#31 {main}  
[2017-12-07 14:03:34] production.ERROR: RuntimeException: No supported encrypter found. The cipher and / or key length are invalid. in /home/felix/development/BasicProject/bootstrap/cache/compiled.php:7771
Stack trace:
#0 /home/felix/development/BasicProject/bootstrap/cache/compiled.php(7761): Illuminate\Encryption\EncryptionServiceProvider->getEncrypterForKeyAndCipher(NULL, 'AES-256-CBC')
#1 /home/felix/development/BasicProject/bootstrap/cache/compiled.php(1353): Illuminate\Encryption\EncryptionServiceProvider->Illuminate\Encryption\{closure}(Object(Illuminate\Foundation\Application), Array)
#2 /home/felix/development/BasicProject/bootstrap/cache/compiled.php(1309): Illuminate\Container\Container->build(Object(Closure), Array)
#3 /home/felix/development/BasicProject/bootstrap/cache/compiled.php(1874): Illuminate\Container\Container->make('encrypter', Array)
#4 /home/felix/development/BasicProject/bootstrap/cache/compiled.php(1410): Illuminate\Foundation\Application->make('encrypter')
#5 /home/felix/development/BasicProject/bootstrap/cache/compiled.php(1387): Illuminate\Container\Container->resolveClass(Object(ReflectionParameter))
#6 /home/felix/development/BasicProject/bootstrap/cache/compiled.php(1373): Illuminate\Container\Container->getDependencies(Array, Array)
#7 /home/felix/development/BasicProject/bootstrap/cache/compiled.php(1309): Illuminate\Container\Container->build('App\\Http\\Middle...', Array)
#8 /home/felix/development/BasicProject/bootstrap/cache/compiled.php(1874): Illuminate\Container\Container->make('App\\Http\\Middle...', Array)
#9 /home/felix/development/BasicProject/bootstrap/cache/compiled.php(2373): Illuminate\Foundation\Application->make('App\\Http\\Middle...')
#10 /home/felix/development/BasicProject/public/index.php(58): Illuminate\Foundation\Http\Kernel->terminate(Object(Illuminate\Http\Request), Object(Illuminate\Http\Response))
#11 /home/felix/development/BasicProject/server.php(21): require_once('/home/felix/dev...')
#12 {main}  
[2017-12-07 14:06:31] local.ERROR: PDOException: SQLSTATE[HY000] [1045] Access denied for user 'root'@'localhost' (using password: YES) in /home/felix/development/BasicProject/vendor/laravel/framework/src/Illuminate/Database/Connectors/Connector.php:55
Stack trace:
#0 /home/felix/development/BasicProject/vendor/laravel/framework/src/Illuminate/Database/Connectors/Connector.php(55): PDO->__construct('mysql:host=127....', 'root', 'secret', Array)
#1 /home/felix/development/BasicProject/vendor/laravel/framework/src/Illuminate/Database/Connectors/MySqlConnector.php(24): Illuminate\Database\Connectors\Connector->createConnection('mysql:host=127....', Array, Array)
#2 /home/felix/development/BasicProject/bootstrap/cache/compiled.php(11845): Illuminate\Database\Connectors\MySqlConnector->connect(Array)
#3 [internal function]: Illuminate\Database\Connectors\ConnectionFactory->Illuminate\Database\Connectors\{closure}()
#4 /home/felix/development/BasicProject/vendor/laravel/framework/src/Illuminate/Database/Connection.php(924): call_user_func(Object(Closure))
#5 /home/felix/development/BasicProject/vendor/laravel/framework/src/Illuminate/Database/Connection.php(792): Illuminate\Database\Connection->getPdo()
#6 /home/felix/development/BasicProject/vendor/laravel/framework/src/Illuminate/Database/Connection.php(677): Illuminate\Database\Connection->reconnectIfMissingConnection()
#7 /home/felix/development/BasicProject/vendor/laravel/framework/src/Illuminate/Database/Connection.php(349): Illuminate\Database\Connection->run('select * from i...', Array, Object(Closure))
#8 /home/felix/development/BasicProject/vendor/laravel/framework/src/Illuminate/Database/Schema/MySqlBuilder.php(21): Illuminate\Database\Connection->select('select * from i...', Array)
#9 /home/felix/development/BasicProject/vendor/laravel/framework/src/Illuminate/Database/Migrations/DatabaseMigrationRepository.php(141): Illuminate\Database\Schema\MySqlBuilder->hasTable('migrations')
#10 /home/felix/development/BasicProject/vendor/laravel/framework/src/Illuminate/Database/Migrations/Migrator.php(404): Illuminate\Database\Migrations\DatabaseMigrationRepository->repositoryExists()
#11 /home/felix/development/BasicProject/vendor/laravel/framework/src/Illuminate/Database/Console/Migrations/MigrateCommand.php(103): Illuminate\Database\Migrations\Migrator->repositoryExists()
#12 /home/felix/development/BasicProject/vendor/laravel/framework/src/Illuminate/Database/Console/Migrations/MigrateCommand.php(58): Illuminate\Database\Console\Migrations\MigrateCommand->prepareDatabase()
#13 [internal function]: Illuminate\Database\Console\Migrations\MigrateCommand->fire()
#14 /home/felix/development/BasicProject/bootstrap/cache/compiled.php(1257): call_user_func_array(Array, Array)
#15 /home/felix/development/BasicProject/vendor/laravel/framework/src/Illuminate/Console/Command.php(169): Illuminate\Container\Container->call(Array)
#16 /home/felix/development/BasicProject/vendor/symfony/console/Command/Command.php(256): Illuminate\Console\Command->execute(Object(Symfony\Component\Console\Input\ArgvInput), Object(Symfony\Component\Console\Output\ConsoleOutput))
#17 /home/felix/development/BasicProject/vendor/laravel/framework/src/Illuminate/Console/Command.php(155): Symfony\Component\Console\Command\Command->run(Object(Symfony\Component\Console\Input\ArgvInput), Object(Symfony\Component\Console\Output\ConsoleOutput))
#18 /home/felix/development/BasicProject/vendor/symfony/console/Application.php(794): Illuminate\Console\Command->run(Object(Symfony\Component\Console\Input\ArgvInput), Object(Symfony\Component\Console\Output\ConsoleOutput))
#19 /home/felix/development/BasicProject/vendor/symfony/console/Application.php(186): Symfony\Component\Console\Application->doRunCommand(Object(Illuminate\Database\Console\Migrations\MigrateCommand), Object(Symfony\Component\Console\Input\ArgvInput), Object(Symfony\Component\Console\Output\ConsoleOutput))
#20 /home/felix/development/BasicProject/vendor/symfony/console/Application.php(117): Symfony\Component\Console\Application->doRun(Object(Symfony\Component\Console\Input\ArgvInput), Object(Symfony\Component\Console\Output\ConsoleOutput))
#21 /home/felix/development/BasicProject/vendor/laravel/framework/src/Illuminate/Foundation/Console/Kernel.php(107): Symfony\Component\Console\Application->run(Object(Symfony\Component\Console\Input\ArgvInput), Object(Symfony\Component\Console\Output\ConsoleOutput))
#22 /home/felix/development/BasicProject/artisan(35): Illuminate\Foundation\Console\Kernel->handle(Object(Symfony\Component\Console\Input\ArgvInput), Object(Symfony\Component\Console\Output\ConsoleOutput))
#23 {main}  
